<?xml version="1.0" encoding="UTF-8"?>
<!-- Generated by org.testng.reporters.JUnitReportReporter -->
<testsuite skipped="0" hostname="DESKTOP-LG4283L" name="Appium.Test" tests="1" failures="0" timestamp="31 May 2020 12:09:13 GMT" time="22.265" errors="1">
  <testcase name="openapp" time="22.265" classname="Appium.Test">
    <error type="org.openqa.selenium.InvalidElementStateException" message="Unable to perform multi pointer gesture (WARNING: The server did not provide any stacktrace information)
Command duration or timeout: 10.97 seconds
Build info: version: &#039;2.53.1&#039;, revision: &#039;a36b8b1cd5757287168e54b817830adce9b0158d&#039;, time: &#039;2016-06-30 19:26:09&#039;
System info: host: &#039;DESKTOP-LG4283L&#039;, ip: &#039;192.168.43.141&#039;, os.name: &#039;Windows 10&#039;, os.arch: &#039;amd64&#039;, os.version: &#039;10.0&#039;, java.version: &#039;1.8.0_201&#039;
Driver info: io.appium.java_client.android.AndroidDriver
Capabilities [{appPackage=com.the511plus.MultiTouchTester, statBarHeight=96, viewportRect={top=96, left=0, width=1080, height=2034}, deviceName=48c199a1, platform=LINUX, deviceUDID=48c199a1, desired={appPackage=com.the511plus.MultiTouchTester, appActivity=.MultiTouchTester, platformVersion=9, automationName=UIAutomator2, platformName=Android, udid=48c199a1, deviceName=Redmi_Note_7_Pro}, platformVersion=9, webStorageEnabled=false, automationName=UIAutomator2, takesScreenshot=true, javascriptEnabled=true, platformName=Android, udid=48c199a1, deviceApiLevel=28, deviceManufacturer=Xiaomi, deviceScreenSize=1080x2340, networkConnectionEnabled=true, warnings={}, databaseEnabled=false, appActivity=.MultiTouchTester, pixelRatio=2.75, locationContextEnabled=false, deviceScreenDensity=440, deviceModel=Redmi Note 7 Pro}]
Session ID: 81ba9a10-35cd-467c-9ec4-fe8a9996f2f1">
      <![CDATA[org.openqa.selenium.InvalidElementStateException: Unable to perform multi pointer gesture (WARNING: The server did not provide any stacktrace information)
Command duration or timeout: 10.97 seconds
Build info: version: '2.53.1', revision: 'a36b8b1cd5757287168e54b817830adce9b0158d', time: '2016-06-30 19:26:09'
System info: host: 'DESKTOP-LG4283L', ip: '192.168.43.141', os.name: 'Windows 10', os.arch: 'amd64', os.version: '10.0', java.version: '1.8.0_201'
Driver info: io.appium.java_client.android.AndroidDriver
Capabilities [{appPackage=com.the511plus.MultiTouchTester, statBarHeight=96, viewportRect={top=96, left=0, width=1080, height=2034}, deviceName=48c199a1, platform=LINUX, deviceUDID=48c199a1, desired={appPackage=com.the511plus.MultiTouchTester, appActivity=.MultiTouchTester, platformVersion=9, automationName=UIAutomator2, platformName=Android, udid=48c199a1, deviceName=Redmi_Note_7_Pro}, platformVersion=9, webStorageEnabled=false, automationName=UIAutomator2, takesScreenshot=true, javascriptEnabled=true, platformName=Android, udid=48c199a1, deviceApiLevel=28, deviceManufacturer=Xiaomi, deviceScreenSize=1080x2340, networkConnectionEnabled=true, warnings={}, databaseEnabled=false, appActivity=.MultiTouchTester, pixelRatio=2.75, locationContextEnabled=false, deviceScreenDensity=440, deviceModel=Redmi Note 7 Pro}]
Session ID: 81ba9a10-35cd-467c-9ec4-fe8a9996f2f1
at sun.reflect.NativeConstructorAccessorImpl.newInstance0(Native Method)
at sun.reflect.NativeConstructorAccessorImpl.newInstance(Unknown Source)
at sun.reflect.DelegatingConstructorAccessorImpl.newInstance(Unknown Source)
at java.lang.reflect.Constructor.newInstance(Unknown Source)
at org.openqa.selenium.remote.ErrorHandler.createThrowable(ErrorHandler.java:206)
at org.openqa.selenium.remote.ErrorHandler.throwIfResponseFailed(ErrorHandler.java:158)
at org.openqa.selenium.remote.RemoteWebDriver.execute(RemoteWebDriver.java:678)
at io.appium.java_client.DefaultGenericMobileDriver.execute(DefaultGenericMobileDriver.java:40)
at io.appium.java_client.AppiumDriver.execute(AppiumDriver.java:1)
at io.appium.java_client.android.AndroidDriver.execute(AndroidDriver.java:1)
at io.appium.java_client.AppiumDriver.performMultiTouchAction(AppiumDriver.java:348)
at io.appium.java_client.MultiTouchAction.perform(MultiTouchAction.java:68)
at Appium.Test.openapp(Test.java:39)
at sun.reflect.NativeMethodAccessorImpl.invoke0(Native Method)
at sun.reflect.NativeMethodAccessorImpl.invoke(Unknown Source)
at sun.reflect.DelegatingMethodAccessorImpl.invoke(Unknown Source)
at java.lang.reflect.Method.invoke(Unknown Source)
at org.testng.internal.MethodInvocationHelper.invokeMethod(MethodInvocationHelper.java:124)
at org.testng.internal.Invoker.invokeMethod(Invoker.java:583)
at org.testng.internal.Invoker.invokeTestMethod(Invoker.java:719)
at org.testng.internal.Invoker.invokeTestMethods(Invoker.java:989)
at org.testng.internal.TestMethodWorker.invokeTestMethods(TestMethodWorker.java:125)
at org.testng.internal.TestMethodWorker.run(TestMethodWorker.java:109)
at org.testng.TestRunner.privateRun(TestRunner.java:648)
at org.testng.TestRunner.run(TestRunner.java:505)
at org.testng.SuiteRunner.runTest(SuiteRunner.java:455)
at org.testng.SuiteRunner.runSequentially(SuiteRunner.java:450)
at org.testng.SuiteRunner.privateRun(SuiteRunner.java:415)
at org.testng.SuiteRunner.run(SuiteRunner.java:364)
at org.testng.SuiteRunnerWorker.runSuite(SuiteRunnerWorker.java:52)
at org.testng.SuiteRunnerWorker.run(SuiteRunnerWorker.java:84)
at org.testng.TestNG.runSuitesSequentially(TestNG.java:1208)
at org.testng.TestNG.runSuitesLocally(TestNG.java:1137)
at org.testng.TestNG.runSuites(TestNG.java:1049)
at org.testng.TestNG.run(TestNG.java:1017)
at org.testng.remote.AbstractRemoteTestNG.run(AbstractRemoteTestNG.java:115)
at org.testng.remote.RemoteTestNG.initAndRun(RemoteTestNG.java:251)
at org.testng.remote.RemoteTestNG.main(RemoteTestNG.java:77)
]]>
    </error>
  </testcase> <!-- openapp -->
</testsuite> <!-- Appium.Test -->
