<?xml version="1.0" encoding="UTF-8"?>
<!-- Generated by org.testng.reporters.JUnitReportReporter -->
<testsuite skipped="0" hostname="DESKTOP-LG4283L" name="MobileBrowserAutomation.Launch_Browser" tests="1" failures="0" timestamp="02 Jun 2020 06:55:15 GMT" time="7.596" errors="0">
  <testcase name="openfacebook" time="7.596" classname="MobileBrowserAutomation.Launch_Browser"/>
</testsuite> <!-- MobileBrowserAutomation.Launch_Browser -->
