<?xml version="1.0" encoding="UTF-8"?>
<!-- Generated by org.testng.reporters.JUnitReportReporter -->
<testsuite skipped="0" hostname="DESKTOP-LG4283L" name="Appium.Drag_Drop" tests="1" failures="0" timestamp="01 Jun 2020 07:03:53 GMT" time="9.745" errors="0">
  <testcase name="movetoelemets2" time="9.745" classname="Appium.Drag_Drop"/>
</testsuite> <!-- Appium.Drag_Drop -->
