<?xml version="1.0" encoding="UTF-8"?>
<!-- Generated by org.testng.reporters.JUnitReportReporter -->
<testsuite skipped="0" hostname="DESKTOP-LG4283L" name="Appium.Method_ScrollTo" tests="2" failures="0" timestamp="28 May 2020 18:31:10 GMT" time="18.306" errors="0">
  <testcase name="OpenApp" time="10.979" classname="Appium.Method_ScrollTo"/>
  <testcase name="view" time="7.327" classname="Appium.Method_ScrollTo"/>
</testsuite> <!-- Appium.Method_ScrollTo -->
