<?xml version="1.0" encoding="UTF-8"?>
<!-- Generated by org.testng.reporters.JUnitReportReporter -->
<testsuite skipped="0" hostname="DESKTOP-LG4283L" name="Appium.Cal_add_num" tests="1" failures="0" timestamp="28 May 2020 18:26:51 GMT" time="5.502" errors="0">
  <testcase name="Add" time="5.502" classname="Appium.Cal_add_num"/>
</testsuite> <!-- Appium.Cal_add_num -->
