<?xml version="1.0" encoding="UTF-8"?>
<!-- Generated by org.testng.reporters.JUnitReportReporter -->
<testsuite skipped="0" hostname="DESKTOP-LG4283L" name="Appium.Method_Sendkeys_hidekeyboard" tests="2" failures="0" timestamp="28 May 2020 18:32:11 GMT" time="20.396" errors="0">
  <testcase name="OpenApp" time="10.028" classname="Appium.Method_Sendkeys_hidekeyboard"/>
  <testcase name="view" time="10.368" classname="Appium.Method_Sendkeys_hidekeyboard"/>
</testsuite> <!-- Appium.Method_Sendkeys_hidekeyboard -->
