<?xml version="1.0" encoding="UTF-8"?>
<!-- Generated by org.testng.reporters.JUnitReportReporter -->
<testsuite skipped="0" hostname="DESKTOP-LG4283L" name="Appium.Method_Tap_hidekeyboard" tests="2" failures="0" timestamp="28 May 2020 18:32:57 GMT" time="25.018" errors="0">
  <testcase name="OpenApp" time="9.883" classname="Appium.Method_Tap_hidekeyboard"/>
  <testcase name="view" time="15.135" classname="Appium.Method_Tap_hidekeyboard"/>
</testsuite> <!-- Appium.Method_Tap_hidekeyboard -->
