<?xml version="1.0" encoding="UTF-8"?>
<!-- Generated by org.testng.reporters.JUnitReportReporter -->
<testsuite skipped="0" hostname="DESKTOP-LG4283L" name="Appium.Sendkeys_hidekeyboard" tests="1" failures="0" timestamp="27 May 2020 11:09:19 GMT" time="11.216" errors="0">
  <testcase name="view" time="11.216" classname="Appium.Sendkeys_hidekeyboard"/>
</testsuite> <!-- Appium.Sendkeys_hidekeyboard -->
