<?xml version="1.0" encoding="UTF-8"?>
<!-- Generated by org.testng.reporters.JUnitReportReporter -->
<testsuite skipped="0" hostname="DESKTOP-LG4283L" name="Appium.LaunchApp" tests="1" failures="0" timestamp="26 May 2020 10:03:15 GMT" time="17.814" errors="0">
  <testcase name="InstallnLaunchApp" time="17.814" classname="Appium.LaunchApp"/>
</testsuite> <!-- Appium.LaunchApp -->
