<?xml version="1.0" encoding="UTF-8"?>
<!-- Generated by org.testng.reporters.JUnitReportReporter -->
<testsuite skipped="0" hostname="DESKTOP-LG4283L" name="Appium.SetStarRating" tests="2" failures="0" timestamp="01 Jun 2020 17:40:38 GMT" time="7.658" errors="0">
  <testcase name="StarRating3" time="6.561" classname="Appium.SetStarRating"/>
  <testcase name="StarRating5" time="1.097" classname="Appium.SetStarRating"/>
</testsuite> <!-- Appium.SetStarRating -->
