<?xml version="1.0" encoding="UTF-8"?>
<!-- Generated by org.testng.reporters.JUnitReportReporter -->
<testsuite skipped="0" hostname="DESKTOP-LG4283L" name="Appium.App_Multitouch_Launch" tests="1" failures="0" timestamp="01 Jun 2020 06:35:41 GMT" time="26.577" errors="0">
  <testcase name="multitouch" time="26.577" classname="Appium.App_Multitouch_Launch"/>
</testsuite> <!-- Appium.App_Multitouch_Launch -->
