<?xml version="1.0" encoding="UTF-8"?>
<!-- Generated by org.testng.reporters.JUnitReportReporter -->
<testsuite skipped="0" hostname="DESKTOP-LG4283L" name="Appium.SelectValueDropDown" tests="1" failures="0" timestamp="01 Jun 2020 09:08:23 GMT" time="10.555" errors="0">
  <testcase name="dropdownlist" time="10.555" classname="Appium.SelectValueDropDown"/>
</testsuite> <!-- Appium.SelectValueDropDown -->
