<?xml version="1.0" encoding="UTF-8"?>
<!-- Generated by org.testng.reporters.JUnitReportReporter -->
<testsuite skipped="0" hostname="DESKTOP-LG4283L" name="Appium.Methods_Orienation_Rotate" tests="2" failures="0" timestamp="28 May 2020 18:34:33 GMT" time="24.022" errors="0">
  <testcase name="OpenApp" time="10.375" classname="Appium.Methods_Orienation_Rotate"/>
  <testcase name="Testorientation" time="13.647" classname="Appium.Methods_Orienation_Rotate"/>
</testsuite> <!-- Appium.Methods_Orienation_Rotate -->
