<?xml version="1.0" encoding="UTF-8"?>
<!-- Generated by org.testng.reporters.JUnitReportReporter -->
<testsuite skipped="0" hostname="DESKTOP-LG4283L" name="Appium.Full_No_Reset" tests="1" failures="0" timestamp="28 May 2020 18:27:28 GMT" time="15.001" errors="0">
  <testcase name="InstallnLaunchApp" time="15.001" classname="Appium.Full_No_Reset"/>
</testsuite> <!-- Appium.Full_No_Reset -->
