<?xml version="1.0" encoding="UTF-8"?>
<!-- Generated by org.testng.reporters.JUnitReportReporter -->
<testsuite skipped="0" hostname="DESKTOP-LG4283L" name="Appium.Method_Andriod_UIAutomator" tests="1" failures="0" timestamp="28 May 2020 18:30:30 GMT" time="5.463" errors="0">
  <testcase name="view" time="5.463" classname="Appium.Method_Andriod_UIAutomator"/>
</testsuite> <!-- Appium.Method_Andriod_UIAutomator -->
