<?xml version="1.0" encoding="UTF-8"?>
<!-- Generated by org.testng.reporters.JUnitReportReporter -->
<testsuite skipped="0" hostname="DESKTOP-LG4283L" name="Appium.SeekBar_moving" tests="1" failures="0" timestamp="01 Jun 2020 06:37:14 GMT" time="18.698" errors="0">
  <testcase name="view" time="18.698" classname="Appium.SeekBar_moving"/>
</testsuite> <!-- Appium.SeekBar_moving -->
