<?xml version="1.0" encoding="UTF-8"?>
<!-- Generated by org.testng.reporters.JUnitReportReporter -->
<testsuite skipped="0" hostname="DESKTOP-LG4283L" name="Appium.LaunchAnotherApp" tests="2" failures="0" timestamp="28 May 2020 18:27:57 GMT" time="19.221" errors="0">
  <testcase name="test1" time="8.329" classname="Appium.LaunchAnotherApp"/>
  <testcase name="OpenApp" time="10.892" classname="Appium.LaunchAnotherApp"/>
</testsuite> <!-- Appium.LaunchAnotherApp -->
