<?xml version="1.0" encoding="UTF-8"?>
<!-- Generated by org.testng.reporters.JUnitReportReporter -->
<testsuite skipped="0" hostname="DESKTOP-LG4283L" name="Appium.Swipe_action" tests="2" failures="0" timestamp="01 Jun 2020 17:25:07 GMT" time="9.003" errors="0">
  <testcase name="swipeBottomToTop" time="5.200" classname="Appium.Swipe_action"/>
  <testcase name="swipeTopToBottom" time="3.803" classname="Appium.Swipe_action"/>
</testsuite> <!-- Appium.Swipe_action -->
