<?xml version="1.0" encoding="UTF-8"?>
<!-- Generated by org.testng.reporters.JUnitReportReporter -->
<testsuite skipped="0" hostname="DESKTOP-LG4283L" name="Appium.Get_Listof_Elements" tests="1" failures="0" timestamp="01 Jun 2020 09:08:54 GMT" time="8.177" errors="0">
  <testcase name="dropdownlist" time="8.177" classname="Appium.Get_Listof_Elements"/>
</testsuite> <!-- Appium.Get_Listof_Elements -->
